FFFF.FFFFF.F.F.FFF.FFF.FF.FFFF.FFF.FF.F.FFFFFF..F.                                                                                                                                                                                                                                                                                                                                                                                                                                                           [100%]
============================================================================================================================================================================================================================================= short test summary info ==============================================================================================================================================================================================================================================
FAILED Grok/v1_main.py::test_post_pet_valid - assert 415 == 200
FAILED Grok/v1_main.py::test_post_pet_invalid_data - assert 415 == 400
FAILED Grok/v1_main.py::test_post_pet_missing_api_key - assert 415 == 401
FAILED Grok/v1_main.py::test_get_pet_by_id_valid - requests.exceptions.JSONDecodeError: Expecting value: line 1 column 1 (char 0)
FAILED Grok/v1_main.py::test_get_pet_by_id_invalid_id - assert 404 == 400
FAILED Grok/v1_main.py::test_put_pet_valid - requests.exceptions.JSONDecodeError: Expecting value: line 1 column 1 (char 0)
FAILED Grok/v1_main.py::test_put_pet_invalid_data - assert 415 == 400
FAILED Grok/v1_main.py::test_put_pet_missing_api_key - assert 415 == 401
FAILED Grok/v1_main.py::test_delete_pet_valid - requests.exceptions.JSONDecodeError: Expecting value: line 1 column 1 (char 0)
FAILED Grok/v1_main.py::test_delete_pet_invalid_id - assert 404 == 400
FAILED Grok/v1_main.py::test_post_pet_find_by_status_invalid - assert 200 == 400
FAILED Grok/v1_main.py::test_post_pet_find_by_tags_invalid - assert 200 == 400
FAILED Grok/v1_main.py::test_post_pet_upload_image_valid - requests.exceptions.JSONDecodeError: Expecting value: line 1 column 1 (char 0)
FAILED Grok/v1_main.py::test_post_pet_upload_image_invalid_id - assert 404 == 400
FAILED Grok/v1_main.py::test_post_store_order_valid - assert 415 == 200
FAILED Grok/v1_main.py::test_post_store_order_invalid_data - assert 415 == 400
FAILED Grok/v1_main.py::test_get_store_order_by_id_valid - KeyError: 'id'
FAILED Grok/v1_main.py::test_get_store_order_by_id_invalid_id - assert 404 == 400
FAILED Grok/v1_main.py::test_delete_store_order_valid - KeyError: 'id'
FAILED Grok/v1_main.py::test_delete_store_order_invalid_id - assert 404 == 400
FAILED Grok/v1_main.py::test_post_user_valid - assert 415 == 200
FAILED Grok/v1_main.py::test_post_user_invalid_data - assert 415 == 400
FAILED Grok/v1_main.py::test_get_user_by_name_valid - assert 404 == 200
FAILED Grok/v1_main.py::test_put_user_valid - assert 415 == 200
FAILED Grok/v1_main.py::test_put_user_not_found - assert 415 == 404
FAILED Grok/v1_main.py::test_delete_user_valid - assert 404 == 200
FAILED Grok/v1_main.py::test_post_create_with_array_valid - assert 415 == 200
FAILED Grok/v1_main.py::test_post_create_with_list_valid - assert 415 == 200
FAILED Grok/v1_main.py::test_get_user_login_invalid_credentials - assert 200 == 400
FAILED Grok/v1_main.py::test_crud_pet_flow - assert 415 == 200
FAILED Grok/v1_main.py::test_crud_store_order_flow - assert 415 == 200
FAILED Grok/v1_main.py::test_crud_user_flow - assert 415 == 200
FAILED Grok/v1_main.py::test_auth_and_access_flow - assert 415 == 200
FAILED Grok/v1_main.py::test_rate_limit_pet_post - assert 415 in [200, 429]
FAILED Grok/v1_main.py::test_large_payload_pet_post - assert 415 in [200, 400, 413]
FAILED Grok/v1_main.py::test_large_payload_user_post - assert 415 in [200, 400, 413]
36 failed, 14 passed in 47.17s
